<?xml version="1.0" encoding="UTF-8" ?>
<testsuite errors="0" failures="0" hostname="localhost.localdomain" name="MovingTest" skipped="0" tests="22" time="0.893" timestamp="2018-03-21T13:59:45">
  <properties>
[...]
</properties>
  <testcase classname="MovingTest" name="testItemConstructor" time="0.0" />
  <testcase classname="MovingTest" name="noRedundantVariablesInBox" time="0.0" />
  <testcase classname="MovingTest" name="hasThingInterface" time="0.0" />
  <testcase classname="MovingTest" name="classItemPublic" time="0.0" />
  <testcase classname="MovingTest" name="boxGetVolume" time="0.004" />
  <testcase classname="MovingTest" name="itemToString" time="0.0" />
  <testcase classname="MovingTest" name="itemGetVolume" time="0.001" />
  <testcase classname="MovingTest" name="hasClassBox" time="0.01" />
  <testcase classname="MovingTest" name="itemGetName" time="0.001" />
  <testcase classname="MovingTest" name="noRedundantVariables" time="0.001" />
  <testcase classname="MovingTest" name="testPackerConstructor" time="0.001" />
  <testcase classname="MovingTest" name="packerMethodPackThings" time="0.0" />
  <testcase classname="MovingTest" name="itemCompareToWorks" time="0.0" />
  <testcase classname="MovingTest" name="packerWorks" time="0.009" />
  <testcase classname="MovingTest" name="classBoxPublic" time="0.001" />
  <testcase classname="MovingTest" name="itemCompareTo" time="0.001" />
  <testcase classname="MovingTest" name="testBoxConstructor" time="0.001" />
  <testcase classname="MovingTest" name="boxMethodAdd" time="0.001" />
  <testcase classname="MovingTest" name="boxIsThing" time="0.0" />
  <testcase classname="MovingTest" name="classPackerPublic" time="0.0" />
  <testcase classname="MovingTest" name="classItemImplementsInterfaceThing" time="0.0" />
  <testcase classname="MovingTest" name="itemComparable" time="0.0" />
  <system-out><![CDATA[]]></system-out>
  <system-err><![CDATA[]]></system-err>
</testsuite>
